<?xml version="1.0" encoding="UTF-8"?>
<!-- Generated by org.testng.reporters.JUnitXMLReporter -->
<testsuite ignored="3" hostname="DESKTOP-AK0H43K" failures="0" tests="1" name="Test" time="0.081" errors="0" timestamp="2022-07-11T23:18:02 IST">
  <testcase classname="TestNgKeywords.includeUsed" name="B" time="0.018"/>
  <testcase classname="TestNgKeywords.includeUsed" name="C" time="0.0">
    <ignored/>
  </testcase> <!-- C -->
  <testcase classname="TestNgKeywords.includeUsed" name="A" time="0.0">
    <ignored/>
  </testcase> <!-- A -->
  <testcase classname="TestNgKeywords.includeUsed" name="D" time="0.0">
    <ignored/>
  </testcase> <!-- D -->
</testsuite> <!-- Test -->
