<?xml version="1.0" encoding="UTF-8"?>
<testng-results ignored="3" total="4" passed="1" failed="0" skipped="0">
  <reporter-output>
    <line>
      <![CDATA[B is Running of Include Class]]>
    </line>
  </reporter-output>
  <suite started-at="2022-07-11T23:18:02 IST" name="Suite" finished-at="2022-07-11T23:18:02 IST" duration-ms="81">
    <groups>
      <group name="Sanity">
        <method signature="includeUsed.B()[pri:0, instance:TestNgKeywords.includeUsed@33990a0c]" name="B" class="TestNgKeywords.includeUsed"/>
      </group> <!-- Sanity -->
    </groups>
    <test started-at="2022-07-11T23:18:02 IST" name="Test" finished-at="2022-07-11T23:18:02 IST" duration-ms="81">
      <class name="TestNgKeywords.includeUsed">
        <test-method signature="B()[pri:0, instance:TestNgKeywords.includeUsed@33990a0c]" started-at="2022-07-11T23:18:02 IST" name="B" finished-at="2022-07-11T23:18:02 IST" duration-ms="18" status="PASS">
          <reporter-output>
            <line>
              <![CDATA[B is Running of Include Class]]>
            </line>
          </reporter-output>
        </test-method> <!-- B -->
      </class> <!-- TestNgKeywords.includeUsed -->
    </test> <!-- Test -->
  </suite> <!-- Suite -->
</testng-results>
